Gra nr 1: REMIS
Gra nr 2: Gracz 2 wygral przedmiotem papier
Gra nr 3: Gracz 1 wygral przedmiotem kamien
Gra nr 4: Gracz 1 wygral przedmiotem kamien
Gra nr 5: REMIS
Gra nr 6: Gracz 1 wygral przedmiotem kamien
Gra nr 7: Gracz 1 wygral przedmiotem kamien
Gra nr 8: REMIS
Gra nr 9: Gracz 2 wygral przedmiotem nozyce
Gra nr 10: REMIS
Gra nr 1: Gracz 2 wygral przedmiotem 
Gra nr 2: Gracz 1 wygral przedmiotem kamien
Gra nr 3: Gracz 1 wygral przedmiotem nozyce
Gra nr 4: REMIS
Gra nr 5: REMIS
Gra nr 6: Gracz 1 wygral przedmiotem papier
Gra nr 7: Gracz 2 wygral przedmiotem kamien
Gra nr 8: REMIS
Gra nr 9: REMIS
Gra nr 10: REMIS
Gra nr 1: Gracz 1 wygral przedmiotem nozyce
Gra nr 2: Gracz 1 wygral przedmiotem nozyce
Gra nr 3: Gracz 1 wygral przedmiotem nozyce
Gra nr 4: REMIS
Gra nr 5: Gracz 2 wygral przedmiotem nozyce
Gra nr 6: REMIS
Gra nr 7: Gracz 1 wygral przedmiotem nozyce
Gra nr 8: Gracz 1 wygral przedmiotem papier
Gra nr 9: Gracz 1 wygral przedmiotem kamien
Gra nr 10: Gracz 2 wygral przedmiotem papier
Gra nr 1: Gracz 1 wygral przedmiotem nozyce
Gra nr 2: Gracz 1 wygral przedmiotem papier
Gra nr 3: Gracz 1 wygral przedmiotem kamien
Gra nr 4: Gracz 1 wygral przedmiotem nozyce
Gra nr 5: REMIS
Gra nr 6: Gracz 1 wygral przedmiotem papier
Gra nr 7: REMIS
Gra nr 8: REMIS
Gra nr 9: Gracz 2 wygral przedmiotem papier
Gra nr 10: REMIS
Gra nr 1: Gracz 2 wygral przedmiotem nozyce
Gra nr 2: Gracz 2 wygral przedmiotem nozyce
Gra nr 3: REMIS
Gra nr 4: Gracz 2 wygral przedmiotem papier
Gra nr 5: Gracz 2 wygral przedmiotem nozyce
Gra nr 6: REMIS
Gra nr 7: Gracz 1 wygral przedmiotem kamien
Gra nr 8: Gracz 1 wygral przedmiotem kamien
Gra nr 9: REMIS
Gra nr 10: Gracz 2 wygral przedmiotem nozyce
Gra nr 1: Gracz 2 wygral przedmiotem kamien
Gra nr 2: Gracz 1 wygral przedmiotem kamien
Gra nr 3: Gracz 1 wygral przedmiotem papier
Gra nr 4: Gracz 1 wygral przedmiotem nozyce
Gra nr 5: REMIS
Gra nr 6: Gracz 1 wygral przedmiotem nozyce
Gra nr 7: Gracz 2 wygral przedmiotem papier
Gra nr 8: Gracz 2 wygral przedmiotem nozyce
Gra nr 9: Gracz 2 wygral przedmiotem kamien
Gra nr 10: REMIS
Gra nr 11: Gracz 1 wygral przedmiotem nozyce
Gra nr 12: Gracz 1 wygral przedmiotem nozyce
Gra nr 13: REMIS
Gra nr 14: REMIS
Gra nr 15: Gracz 2 wygral przedmiotem papier
Gra nr 16: Gracz 1 wygral przedmiotem kamien
Gra nr 17: REMIS
Gra nr 18: Gracz 2 wygral przedmiotem kamien
Gra nr 19: Gracz 1 wygral przedmiotem nozyce
Gra nr 20: REMIS
Gra nr 21: REMIS
Gra nr 22: REMIS
Gra nr 23: Gracz 2 wygral przedmiotem kamien
Gra nr 24: Gracz 1 wygral przedmiotem papier
Gra nr 25: REMIS
Gra nr 26: REMIS
Gra nr 27: Gracz 2 wygral przedmiotem papier
Gra nr 28: Gracz 1 wygral przedmiotem kamien
Gra nr 29: REMIS
Gra nr 30: Gracz 1 wygral przedmiotem papier
Gra nr 31: Gracz 1 wygral przedmiotem papier
Gra nr 32: Gracz 2 wygral przedmiotem kamien
Gra nr 33: Gracz 1 wygral przedmiotem nozyce
Gra nr 34: Gracz 1 wygral przedmiotem nozyce
Gra nr 35: Gracz 2 wygral przedmiotem nozyce
Gra nr 36: Gracz 1 wygral przedmiotem kamien
Gra nr 37: Gracz 1 wygral przedmiotem nozyce
Gra nr 38: Gracz 2 wygral przedmiotem nozyce
Gra nr 39: Gracz 1 wygral przedmiotem nozyce
Gra nr 40: REMIS
Gra nr 41: Gracz 1 wygral przedmiotem kamien
Gra nr 42: Gracz 2 wygral przedmiotem kamien
Gra nr 43: REMIS
Gra nr 44: Gracz 1 wygral przedmiotem kamien
Gra nr 45: REMIS
Gra nr 46: Gracz 1 wygral przedmiotem nozyce
Gra nr 47: Gracz 2 wygral przedmiotem kamien
Gra nr 48: Gracz 1 wygral przedmiotem papier
Gra nr 49: REMIS
Gra nr 50: Gracz 2 wygral przedmiotem kamien
Gra nr 51: Gracz 2 wygral przedmiotem nozyce
Gra nr 52: Gracz 1 wygral przedmiotem nozyce
Gra nr 53: Gracz 2 wygral przedmiotem kamien
Gra nr 54: Gracz 1 wygral przedmiotem papier
Gra nr 55: REMIS
Gra nr 56: Gracz 1 wygral przedmiotem nozyce
Gra nr 57: Gracz 1 wygral przedmiotem kamien
Gra nr 58: Gracz 2 wygral przedmiotem papier
Gra nr 59: REMIS
Gra nr 60: Gracz 1 wygral przedmiotem papier
Gra nr 61: Gracz 2 wygral przedmiotem kamien
Gra nr 62: Gracz 1 wygral przedmiotem kamien
Gra nr 63: REMIS
Gra nr 64: REMIS
Gra nr 65: Gracz 1 wygral przedmiotem nozyce
Gra nr 66: Gracz 2 wygral przedmiotem kamien
Gra nr 67: Gracz 1 wygral przedmiotem nozyce
Gra nr 68: Gracz 2 wygral przedmiotem nozyce
Gra nr 69: Gracz 2 wygral przedmiotem nozyce
Gra nr 70: Gracz 2 wygral przedmiotem nozyce
Gra nr 71: REMIS
Gra nr 72: Gracz 2 wygral przedmiotem nozyce
Gra nr 73: Gracz 1 wygral przedmiotem papier
Gra nr 74: Gracz 1 wygral przedmiotem nozyce
Gra nr 75: Gracz 1 wygral przedmiotem nozyce
Gra nr 76: Gracz 2 wygral przedmiotem kamien
Gra nr 77: Gracz 1 wygral przedmiotem nozyce
Gra nr 78: Gracz 1 wygral przedmiotem kamien
Gra nr 79: REMIS
Gra nr 80: Gracz 2 wygral przedmiotem papier
Gra nr 81: REMIS
Gra nr 82: REMIS
Gra nr 83: REMIS
Gra nr 84: REMIS
Gra nr 85: REMIS
Gra nr 86: Gracz 1 wygral przedmiotem nozyce
Gra nr 87: Gracz 2 wygral przedmiotem nozyce
Gra nr 88: REMIS
Gra nr 89: Gracz 2 wygral przedmiotem nozyce
Gra nr 90: Gracz 1 wygral przedmiotem kamien
Gra nr 91: Gracz 1 wygral przedmiotem papier
Gra nr 92: Gracz 1 wygral przedmiotem papier
Gra nr 93: REMIS
Gra nr 94: REMIS
Gra nr 95: Gracz 1 wygral przedmiotem kamien
Gra nr 96: Gracz 1 wygral przedmiotem nozyce
Gra nr 97: Gracz 1 wygral przedmiotem nozyce
Gra nr 98: Gracz 1 wygral przedmiotem kamien
Gra nr 99: Gracz 2 wygral przedmiotem nozyce
Gra nr 100: Gracz 1 wygral przedmiotem kamien
Gra nr 1: Gracz 1 wygral przedmiotem nozyce
Gra nr 2: REMIS
Gra nr 3: Gracz 1 wygral przedmiotem papier
Gra nr 4: REMIS
Gra nr 5: REMIS
Gra nr 6: Gracz 1 wygral przedmiotem kamien
Gra nr 7: Gracz 2 wygral przedmiotem kamien
Gra nr 8: Gracz 1 wygral przedmiotem kamien
Gra nr 9: REMIS
Gra nr 10: Gracz 2 wygral przedmiotem papier
Gra nr 11: Gracz 1 wygral przedmiotem nozyce
Gra nr 12: Gracz 1 wygral przedmiotem kamien
Gra nr 13: Gracz 1 wygral przedmiotem papier
Gra nr 14: Gracz 1 wygral przedmiotem papier
Gra nr 15: Gracz 2 wygral przedmiotem papier
Gra nr 16: Gracz 2 wygral przedmiotem papier
Gra nr 17: Gracz 1 wygral przedmiotem papier
Gra nr 18: Gracz 1 wygral przedmiotem nozyce
Gra nr 19: Gracz 2 wygral przedmiotem papier
Gra nr 20: Gracz 1 wygral przedmiotem papier
Gra nr 21: REMIS
Gra nr 22: REMIS
Gra nr 23: Gracz 1 wygral przedmiotem papier
Gra nr 24: Gracz 1 wygral przedmiotem papier
Gra nr 25: Gracz 1 wygral przedmiotem kamien
Gra nr 26: Gracz 1 wygral przedmiotem nozyce
Gra nr 27: REMIS
Gra nr 28: REMIS
Gra nr 29: Gracz 2 wygral przedmiotem nozyce
Gra nr 30: REMIS
Gra nr 31: Gracz 1 wygral przedmiotem kamien
Gra nr 32: REMIS
Gra nr 33: Gracz 2 wygral przedmiotem nozyce
Gra nr 34: Gracz 1 wygral przedmiotem nozyce
Gra nr 35: Gracz 2 wygral przedmiotem papier
Gra nr 36: Gracz 2 wygral przedmiotem nozyce
Gra nr 37: REMIS
Gra nr 38: Gracz 2 wygral przedmiotem kamien
Gra nr 39: Gracz 2 wygral przedmiotem nozyce
Gra nr 40: REMIS
Gra nr 41: Gracz 2 wygral przedmiotem papier
Gra nr 42: Gracz 1 wygral przedmiotem nozyce
Gra nr 43: Gracz 1 wygral przedmiotem nozyce
Gra nr 44: Gracz 2 wygral przedmiotem papier
Gra nr 45: REMIS
Gra nr 46: Gracz 2 wygral przedmiotem kamien
Gra nr 47: REMIS
Gra nr 48: REMIS
Gra nr 49: Gracz 1 wygral przedmiotem kamien
Gra nr 50: REMIS
Gra nr 51: Gracz 2 wygral przedmiotem papier
Gra nr 52: Gracz 1 wygral przedmiotem kamien
Gra nr 53: Gracz 1 wygral przedmiotem kamien
Gra nr 54: Gracz 1 wygral przedmiotem nozyce
Gra nr 55: Gracz 1 wygral przedmiotem nozyce
Gra nr 56: Gracz 2 wygral przedmiotem papier
Gra nr 57: REMIS
Gra nr 58: REMIS
Gra nr 59: Gracz 2 wygral przedmiotem nozyce
Gra nr 60: Gracz 2 wygral przedmiotem papier
Gra nr 61: Gracz 2 wygral przedmiotem kamien
Gra nr 62: Gracz 1 wygral przedmiotem nozyce
Gra nr 63: Gracz 2 wygral przedmiotem nozyce
Gra nr 64: Gracz 1 wygral przedmiotem nozyce
Gra nr 65: Gracz 1 wygral przedmiotem papier
Gra nr 66: Gracz 1 wygral przedmiotem kamien
Gra nr 67: Gracz 1 wygral przedmiotem nozyce
Gra nr 68: REMIS
Gra nr 69: REMIS
Gra nr 70: Gracz 1 wygral przedmiotem nozyce
Gra nr 71: Gracz 2 wygral przedmiotem kamien
Gra nr 72: Gracz 2 wygral przedmiotem papier
Gra nr 73: Gracz 2 wygral przedmiotem nozyce
Gra nr 74: Gracz 1 wygral przedmiotem nozyce
Gra nr 75: Gracz 1 wygral przedmiotem papier
Gra nr 76: Gracz 2 wygral przedmiotem nozyce
Gra nr 77: REMIS
Gra nr 78: REMIS
Gra nr 79: Gracz 2 wygral przedmiotem kamien
Gra nr 80: REMIS
Gra nr 81: Gracz 1 wygral przedmiotem kamien
Gra nr 82: REMIS
Gra nr 83: Gracz 2 wygral przedmiotem kamien
Gra nr 84: Gracz 1 wygral przedmiotem nozyce
Gra nr 85: Gracz 2 wygral przedmiotem kamien
Gra nr 86: Gracz 2 wygral przedmiotem papier
Gra nr 87: REMIS
Gra nr 88: REMIS
Gra nr 89: REMIS
Gra nr 90: Gracz 1 wygral przedmiotem papier
Gra nr 91: REMIS
Gra nr 92: REMIS
Gra nr 93: Gracz 2 wygral przedmiotem nozyce
Gra nr 94: Gracz 1 wygral przedmiotem nozyce
Gra nr 95: Gracz 2 wygral przedmiotem papier
Gra nr 96: Gracz 2 wygral przedmiotem nozyce
Gra nr 97: Gracz 2 wygral przedmiotem nozyce
Gra nr 98: Gracz 1 wygral przedmiotem nozyce
Gra nr 99: Gracz 1 wygral przedmiotem kamien
Gra nr 100: Gracz 2 wygral przedmiotem kamien
Gra nr 1: Gracz 1 wygral przedmiotem papier
Gra nr 2: REMIS
Gra nr 3: REMIS
Gra nr 4: REMIS
Gra nr 5: Gracz 2 wygral przedmiotem papier
Gra nr 6: REMIS
Gra nr 7: Gracz 2 wygral przedmiotem nozyce
Gra nr 8: Gracz 2 wygral przedmiotem kamien
Gra nr 9: Gracz 1 wygral przedmiotem nozyce
Gra nr 10: Gracz 1 wygral przedmiotem papier
Gra nr 11: Gracz 2 wygral przedmiotem nozyce
Gra nr 12: Gracz 1 wygral przedmiotem papier
Gra nr 13: Gracz 1 wygral przedmiotem kamien
Gra nr 14: REMIS
Gra nr 15: REMIS
Gra nr 16: Gracz 1 wygral przedmiotem papier
Gra nr 17: REMIS
Gra nr 18: Gracz 1 wygral przedmiotem kamien
Gra nr 19: Gracz 1 wygral przedmiotem kamien
Gra nr 20: Gracz 1 wygral przedmiotem nozyce
Gra nr 21: Gracz 2 wygral przedmiotem nozyce
Gra nr 22: Gracz 2 wygral przedmiotem papier
Gra nr 23: Gracz 1 wygral przedmiotem nozyce
Gra nr 24: Gracz 2 wygral przedmiotem kamien
Gra nr 25: REMIS
Gra nr 26: REMIS
Gra nr 27: Gracz 1 wygral przedmiotem kamien
Gra nr 28: Gracz 2 wygral przedmiotem papier
Gra nr 29: Gracz 2 wygral przedmiotem nozyce
Gra nr 30: REMIS
Gra nr 31: Gracz 2 wygral przedmiotem kamien
Gra nr 32: REMIS
Gra nr 33: Gracz 2 wygral przedmiotem papier
Gra nr 34: REMIS
Gra nr 35: Gracz 2 wygral przedmiotem kamien
Gra nr 36: Gracz 1 wygral przedmiotem kamien
Gra nr 37: Gracz 1 wygral przedmiotem nozyce
Gra nr 38: Gracz 2 wygral przedmiotem nozyce
Gra nr 39: Gracz 1 wygral przedmiotem papier
Gra nr 40: REMIS
Gra nr 41: Gracz 1 wygral przedmiotem papier
Gra nr 42: Gracz 1 wygral przedmiotem kamien
Gra nr 43: Gracz 1 wygral przedmiotem kamien
Gra nr 44: REMIS
Gra nr 45: Gracz 2 wygral przedmiotem nozyce
Gra nr 46: Gracz 2 wygral przedmiotem kamien
Gra nr 47: Gracz 2 wygral przedmiotem nozyce
Gra nr 48: Gracz 1 wygral przedmiotem papier
Gra nr 49: REMIS
Gra nr 50: Gracz 1 wygral przedmiotem nozyce
Gra nr 51: REMIS
Gra nr 52: Gracz 2 wygral przedmiotem kamien
Gra nr 53: Gracz 2 wygral przedmiotem kamien
Gra nr 54: Gracz 2 wygral przedmiotem kamien
Gra nr 55: REMIS
Gra nr 56: Gracz 2 wygral przedmiotem papier
Gra nr 57: REMIS
Gra nr 58: REMIS
Gra nr 59: Gracz 1 wygral przedmiotem papier
Gra nr 60: Gracz 2 wygral przedmiotem kamien
Gra nr 61: Gracz 2 wygral przedmiotem kamien
Gra nr 62: Gracz 2 wygral przedmiotem kamien
Gra nr 63: Gracz 2 wygral przedmiotem kamien
Gra nr 64: Gracz 2 wygral przedmiotem nozyce
Gra nr 65: REMIS
Gra nr 66: Gracz 2 wygral przedmiotem kamien
Gra nr 67: Gracz 2 wygral przedmiotem kamien
Gra nr 68: Gracz 2 wygral przedmiotem kamien
Gra nr 69: Gracz 2 wygral przedmiotem kamien
Gra nr 70: Gracz 2 wygral przedmiotem nozyce
Gra nr 71: REMIS
Gra nr 72: REMIS
Gra nr 73: Gracz 2 wygral przedmiotem nozyce
Gra nr 74: Gracz 1 wygral przedmiotem papier
Gra nr 75: Gracz 2 wygral przedmiotem kamien
Gra nr 76: Gracz 1 wygral przedmiotem papier
Gra nr 77: REMIS
Gra nr 78: Gracz 2 wygral przedmiotem papier
Gra nr 79: Gracz 1 wygral przedmiotem kamien
Gra nr 80: Gracz 2 wygral przedmiotem kamien
Gra nr 81: Gracz 2 wygral przedmiotem papier
Gra nr 82: Gracz 1 wygral przedmiotem papier
Gra nr 83: REMIS
Gra nr 84: REMIS
Gra nr 85: Gracz 1 wygral przedmiotem nozyce
Gra nr 86: Gracz 1 wygral przedmiotem papier
Gra nr 87: REMIS
Gra nr 88: Gracz 1 wygral przedmiotem nozyce
Gra nr 89: Gracz 1 wygral przedmiotem nozyce
Gra nr 90: REMIS
Gra nr 91: REMIS
Gra nr 92: Gracz 2 wygral przedmiotem nozyce
Gra nr 93: REMIS
Gra nr 94: REMIS
Gra nr 95: REMIS
Gra nr 96: Gracz 2 wygral przedmiotem papier
Gra nr 97: Gracz 1 wygral przedmiotem papier
Gra nr 98: REMIS
Gra nr 99: Gracz 1 wygral przedmiotem kamien
Gra nr 100: Gracz 1 wygral przedmiotem kamien
Gra nr 1: Gracz 2 wygral przedmiotem papier
Gra nr 2: Gracz 1 wygral przedmiotem kamien
Gra nr 3: Gracz 1 wygral przedmiotem kamien
Gra nr 4: REMIS
Gra nr 5: Gracz 2 wygral przedmiotem kamien
Gra nr 6: Gracz 2 wygral przedmiotem kamien
Gra nr 7: Gracz 1 wygral przedmiotem papier
Gra nr 8: Gracz 1 wygral przedmiotem papier
Gra nr 9: Gracz 1 wygral przedmiotem nozyce
Gra nr 10: Gracz 1 wygral przedmiotem papier
Gra nr 11: REMIS
Gra nr 12: Gracz 2 wygral przedmiotem nozyce
Gra nr 13: Gracz 1 wygral przedmiotem papier
Gra nr 14: REMIS
Gra nr 15: Gracz 2 wygral przedmiotem papier
Gra nr 16: Gracz 1 wygral przedmiotem kamien
Gra nr 17: Gracz 1 wygral przedmiotem papier
Gra nr 18: REMIS
Gra nr 19: Gracz 1 wygral przedmiotem papier
Gra nr 20: Gracz 2 wygral przedmiotem papier
Gra nr 21: REMIS
Gra nr 22: Gracz 2 wygral przedmiotem nozyce
Gra nr 23: REMIS
Gra nr 24: REMIS
Gra nr 25: Gracz 1 wygral przedmiotem papier
Gra nr 26: Gracz 1 wygral przedmiotem nozyce
Gra nr 27: REMIS
Gra nr 28: Gracz 1 wygral przedmiotem papier
Gra nr 29: Gracz 1 wygral przedmiotem kamien
Gra nr 30: Gracz 2 wygral przedmiotem nozyce
Gra nr 31: Gracz 2 wygral przedmiotem kamien
Gra nr 32: REMIS
Gra nr 33: REMIS
Gra nr 34: Gracz 2 wygral przedmiotem kamien
Gra nr 35: Gracz 2 wygral przedmiotem papier
Gra nr 36: Gracz 2 wygral przedmiotem kamien
Gra nr 37: Gracz 1 wygral przedmiotem nozyce
Gra nr 38: Gracz 2 wygral przedmiotem kamien
Gra nr 39: Gracz 2 wygral przedmiotem papier
Gra nr 40: Gracz 1 wygral przedmiotem papier
Gra nr 41: Gracz 2 wygral przedmiotem papier
Gra nr 42: Gracz 1 wygral przedmiotem nozyce
Gra nr 43: Gracz 2 wygral przedmiotem papier
Gra nr 44: REMIS
Gra nr 45: REMIS
Gra nr 46: Gracz 1 wygral przedmiotem kamien
Gra nr 47: Gracz 1 wygral przedmiotem papier
Gra nr 48: Gracz 2 wygral przedmiotem papier
Gra nr 49: REMIS
Gra nr 50: REMIS
Gra nr 51: REMIS
Gra nr 52: Gracz 1 wygral przedmiotem nozyce
Gra nr 53: Gracz 1 wygral przedmiotem papier
Gra nr 54: Gracz 2 wygral przedmiotem nozyce
Gra nr 55: REMIS
Gra nr 56: Gracz 2 wygral przedmiotem nozyce
Gra nr 57: REMIS
Gra nr 58: REMIS
Gra nr 59: REMIS
Gra nr 60: REMIS
Gra nr 61: Gracz 2 wygral przedmiotem papier
Gra nr 62: Gracz 2 wygral przedmiotem kamien
Gra nr 63: Gracz 1 wygral przedmiotem nozyce
Gra nr 64: REMIS
Gra nr 65: Gracz 2 wygral przedmiotem kamien
Gra nr 66: Gracz 1 wygral przedmiotem kamien
Gra nr 67: Gracz 2 wygral przedmiotem nozyce
Gra nr 68: Gracz 2 wygral przedmiotem kamien
Gra nr 69: Gracz 1 wygral przedmiotem kamien
Gra nr 70: REMIS
Gra nr 71: REMIS
Gra nr 72: Gracz 1 wygral przedmiotem nozyce
Gra nr 73: REMIS
Gra nr 74: Gracz 1 wygral przedmiotem kamien
Gra nr 75: Gracz 1 wygral przedmiotem papier
Gra nr 76: REMIS
Gra nr 77: REMIS
Gra nr 78: Gracz 1 wygral przedmiotem papier
Gra nr 79: REMIS
Gra nr 80: Gracz 2 wygral przedmiotem nozyce
Gra nr 81: Gracz 2 wygral przedmiotem papier
Gra nr 82: Gracz 2 wygral przedmiotem kamien
Gra nr 83: Gracz 2 wygral przedmiotem papier
Gra nr 84: Gracz 2 wygral przedmiotem kamien
Gra nr 85: REMIS
Gra nr 86: Gracz 1 wygral przedmiotem kamien
Gra nr 87: Gracz 1 wygral przedmiotem kamien
Gra nr 88: Gracz 1 wygral przedmiotem papier
Gra nr 89: Gracz 1 wygral przedmiotem papier
Gra nr 90: Gracz 1 wygral przedmiotem nozyce
Gra nr 91: Gracz 1 wygral przedmiotem papier
Gra nr 92: Gracz 2 wygral przedmiotem kamien
Gra nr 93: Gracz 1 wygral przedmiotem papier
Gra nr 94: REMIS
Gra nr 95: Gracz 2 wygral przedmiotem papier
Gra nr 96: Gracz 2 wygral przedmiotem nozyce
Gra nr 97: Gracz 2 wygral przedmiotem kamien
Gra nr 98: REMIS
Gra nr 99: Gracz 2 wygral przedmiotem nozyce
Gra nr 100: REMIS
Gra nr 1: REMIS
Gra nr 2: Gracz 1 wygral przedmiotem kamien
Gra nr 3: Gracz 1 wygral przedmiotem kamien
Gra nr 4: Gracz 2 wygral przedmiotem nozyce
Gra nr 5: Gracz 1 wygral przedmiotem kamien
Gra nr 6: Gracz 1 wygral przedmiotem nozyce
Gra nr 7: Gracz 2 wygral przedmiotem kamien
Gra nr 8: Gracz 2 wygral przedmiotem papier
Gra nr 9: Gracz 2 wygral przedmiotem nozyce
Gra nr 10: Gracz 1 wygral przedmiotem nozyce
Gra nr 11: REMIS
Gra nr 12: Gracz 1 wygral przedmiotem papier
Gra nr 13: Gracz 2 wygral przedmiotem kamien
Gra nr 14: Gracz 2 wygral przedmiotem nozyce
Gra nr 15: Gracz 2 wygral przedmiotem papier
Gra nr 16: Gracz 1 wygral przedmiotem papier
Gra nr 17: Gracz 2 wygral przedmiotem nozyce
Gra nr 18: Gracz 1 wygral przedmiotem papier
Gra nr 19: Gracz 2 wygral przedmiotem kamien
Gra nr 20: Gracz 2 wygral przedmiotem nozyce
Gra nr 21: Gracz 1 wygral przedmiotem kamien
Gra nr 22: Gracz 1 wygral przedmiotem kamien
Gra nr 23: REMIS
Gra nr 24: Gracz 1 wygral przedmiotem nozyce
Gra nr 25: Gracz 1 wygral przedmiotem kamien
Gra nr 26: Gracz 2 wygral przedmiotem nozyce
Gra nr 27: REMIS
Gra nr 28: Gracz 2 wygral przedmiotem kamien
Gra nr 29: Gracz 1 wygral przedmiotem nozyce
Gra nr 30: Gracz 2 wygral przedmiotem papier
Gra nr 31: Gracz 2 wygral przedmiotem nozyce
Gra nr 32: REMIS
Gra nr 33: Gracz 2 wygral przedmiotem nozyce
Gra nr 34: REMIS
Gra nr 35: Gracz 2 wygral przedmiotem kamien
Gra nr 36: Gracz 2 wygral przedmiotem kamien
Gra nr 37: Gracz 2 wygral przedmiotem kamien
Gra nr 38: Gracz 1 wygral przedmiotem nozyce
Gra nr 39: Gracz 2 wygral przedmiotem papier
Gra nr 40: Gracz 2 wygral przedmiotem kamien
Gra nr 41: REMIS
Gra nr 42: Gracz 2 wygral przedmiotem papier
Gra nr 43: REMIS
Gra nr 44: REMIS
Gra nr 45: Gracz 1 wygral przedmiotem papier
Gra nr 46: Gracz 1 wygral przedmiotem kamien
Gra nr 47: Gracz 1 wygral przedmiotem papier
Gra nr 48: Gracz 2 wygral przedmiotem papier
Gra nr 49: Gracz 2 wygral przedmiotem kamien
Gra nr 50: REMIS
Gra nr 51: Gracz 1 wygral przedmiotem nozyce
Gra nr 52: REMIS
Gra nr 53: Gracz 1 wygral przedmiotem nozyce
Gra nr 54: Gracz 2 wygral przedmiotem nozyce
Gra nr 55: Gracz 1 wygral przedmiotem kamien
Gra nr 56: REMIS
Gra nr 57: REMIS
Gra nr 58: REMIS
Gra nr 59: Gracz 1 wygral przedmiotem papier
Gra nr 60: REMIS
Gra nr 61: Gracz 2 wygral przedmiotem papier
Gra nr 62: Gracz 1 wygral przedmiotem kamien
Gra nr 63: REMIS
Gra nr 64: Gracz 2 wygral przedmiotem kamien
Gra nr 65: Gracz 1 wygral przedmiotem nozyce
Gra nr 66: Gracz 2 wygral przedmiotem papier
Gra nr 67: REMIS
Gra nr 68: Gracz 2 wygral przedmiotem kamien
Gra nr 69: Gracz 1 wygral przedmiotem nozyce
Gra nr 70: REMIS
Gra nr 71: Gracz 1 wygral przedmiotem nozyce
Gra nr 72: REMIS
Gra nr 73: Gracz 1 wygral przedmiotem papier
Gra nr 74: Gracz 1 wygral przedmiotem kamien
Gra nr 75: Gracz 1 wygral przedmiotem papier
Gra nr 76: Gracz 2 wygral przedmiotem papier
Gra nr 77: Gracz 1 wygral przedmiotem kamien
Gra nr 78: REMIS
Gra nr 79: Gracz 1 wygral przedmiotem kamien
Gra nr 80: Gracz 2 wygral przedmiotem papier
Gra nr 81: Gracz 2 wygral przedmiotem nozyce
Gra nr 82: Gracz 1 wygral przedmiotem nozyce
Gra nr 83: REMIS
Gra nr 84: Gracz 1 wygral przedmiotem nozyce
Gra nr 85: Gracz 1 wygral przedmiotem papier
Gra nr 86: REMIS
Gra nr 87: Gracz 2 wygral przedmiotem papier
Gra nr 88: Gracz 2 wygral przedmiotem nozyce
Gra nr 89: REMIS
Gra nr 90: Gracz 2 wygral przedmiotem kamien
Gra nr 91: Gracz 1 wygral przedmiotem kamien
Gra nr 92: Gracz 1 wygral przedmiotem kamien
Gra nr 93: REMIS
Gra nr 94: Gracz 1 wygral przedmiotem nozyce
Gra nr 95: Gracz 1 wygral przedmiotem kamien
Gra nr 96: Gracz 1 wygral przedmiotem nozyce
Gra nr 97: Gracz 2 wygral przedmiotem nozyce
Gra nr 98: REMIS
Gra nr 99: REMIS
Gra nr 100: REMIS
Gra nr 1: REMIS
Gra nr 2: Gracz 2 wygral przedmiotem kamien
Gra nr 3: Gracz 2 wygral przedmiotem nozyce
Gra nr 4: Gracz 2 wygral przedmiotem kamien
Gra nr 5: Gracz 2 wygral przedmiotem papier
Gra nr 6: REMIS
Gra nr 7: Gracz 1 wygral przedmiotem nozyce
Gra nr 8: Gracz 2 wygral przedmiotem nozyce
Gra nr 9: Gracz 1 wygral przedmiotem papier
Gra nr 10: Gracz 1 wygral przedmiotem kamien
Gra nr 11: REMIS
Gra nr 12: REMIS
Gra nr 13: Gracz 1 wygral przedmiotem papier
Gra nr 14: REMIS
Gra nr 15: Gracz 2 wygral przedmiotem kamien
Gra nr 16: Gracz 1 wygral przedmiotem kamien
Gra nr 17: Gracz 1 wygral przedmiotem nozyce
Gra nr 18: REMIS
Gra nr 19: Gracz 2 wygral przedmiotem papier
Gra nr 20: REMIS
Gra nr 21: Gracz 1 wygral przedmiotem kamien
Gra nr 22: Gracz 1 wygral przedmiotem kamien
Gra nr 23: Gracz 1 wygral przedmiotem nozyce
Gra nr 24: Gracz 2 wygral przedmiotem papier
Gra nr 25: Gracz 2 wygral przedmiotem kamien
Gra nr 26: Gracz 2 wygral przedmiotem papier
Gra nr 27: Gracz 1 wygral przedmiotem kamien
Gra nr 28: Gracz 2 wygral przedmiotem papier
Gra nr 29: Gracz 2 wygral przedmiotem papier
Gra nr 30: REMIS
Gra nr 31: REMIS
Gra nr 32: Gracz 1 wygral przedmiotem kamien
Gra nr 33: Gracz 1 wygral przedmiotem papier
Gra nr 34: Gracz 1 wygral przedmiotem kamien
Gra nr 35: Gracz 2 wygral przedmiotem nozyce
Gra nr 36: Gracz 1 wygral przedmiotem kamien
Gra nr 37: Gracz 2 wygral przedmiotem nozyce
Gra nr 38: Gracz 2 wygral przedmiotem kamien
Gra nr 39: Gracz 2 wygral przedmiotem papier
Gra nr 40: REMIS
Gra nr 41: Gracz 2 wygral przedmiotem papier
Gra nr 42: REMIS
Gra nr 43: Gracz 2 wygral przedmiotem nozyce
Gra nr 44: REMIS
Gra nr 45: Gracz 2 wygral przedmiotem kamien
Gra nr 46: Gracz 1 wygral przedmiotem kamien
Gra nr 47: REMIS
Gra nr 48: REMIS
Gra nr 49: Gracz 2 wygral przedmiotem nozyce
Gra nr 50: Gracz 2 wygral przedmiotem nozyce
Gra nr 51: Gracz 1 wygral przedmiotem papier
Gra nr 52: Gracz 1 wygral przedmiotem papier
Gra nr 53: REMIS
Gra nr 54: REMIS
Gra nr 55: Gracz 2 wygral przedmiotem papier
Gra nr 56: Gracz 2 wygral przedmiotem kamien
Gra nr 57: Gracz 2 wygral przedmiotem kamien
Gra nr 58: Gracz 2 wygral przedmiotem kamien
Gra nr 59: REMIS
Gra nr 60: Gracz 1 wygral przedmiotem kamien
Gra nr 61: Gracz 1 wygral przedmiotem nozyce
Gra nr 62: Gracz 1 wygral przedmiotem papier
Gra nr 63: Gracz 2 wygral przedmiotem nozyce
Gra nr 64: Gracz 2 wygral przedmiotem papier
Gra nr 65: Gracz 2 wygral przedmiotem papier
Gra nr 66: Gracz 2 wygral przedmiotem kamien
Gra nr 67: Gracz 1 wygral przedmiotem papier
Gra nr 68: Gracz 2 wygral przedmiotem nozyce
Gra nr 69: Gracz 1 wygral przedmiotem nozyce
Gra nr 70: Gracz 2 wygral przedmiotem nozyce
Gra nr 71: Gracz 2 wygral przedmiotem papier
Gra nr 72: REMIS
Gra nr 73: REMIS
Gra nr 74: REMIS
Gra nr 75: Gracz 2 wygral przedmiotem papier
Gra nr 76: Gracz 1 wygral przedmiotem papier
Gra nr 77: Gracz 1 wygral przedmiotem kamien
Gra nr 78: Gracz 2 wygral przedmiotem papier
Gra nr 79: Gracz 2 wygral przedmiotem kamien
Gra nr 80: Gracz 2 wygral przedmiotem nozyce
Gra nr 81: Gracz 2 wygral przedmiotem papier
Gra nr 82: REMIS
Gra nr 83: Gracz 1 wygral przedmiotem kamien
Gra nr 84: Gracz 2 wygral przedmiotem kamien
Gra nr 85: Gracz 2 wygral przedmiotem nozyce
Gra nr 86: Gracz 2 wygral przedmiotem papier
Gra nr 87: REMIS
Gra nr 88: REMIS
Gra nr 89: Gracz 1 wygral przedmiotem nozyce
Gra nr 90: Gracz 1 wygral przedmiotem nozyce
Gra nr 91: Gracz 2 wygral przedmiotem kamien
Gra nr 92: REMIS
Gra nr 93: Gracz 1 wygral przedmiotem kamien
Gra nr 94: Gracz 1 wygral przedmiotem nozyce
Gra nr 95: Gracz 2 wygral przedmiotem nozyce
Gra nr 96: Gracz 1 wygral przedmiotem kamien
Gra nr 97: REMIS
Gra nr 98: Gracz 2 wygral przedmiotem papier
Gra nr 99: Gracz 1 wygral przedmiotem papier
Gra nr 100: Gracz 2 wygral przedmiotem nozyce
Gra nr 1: Gracz 1 wygral przedmiotem kamien
Gra nr 2: REMIS
Gra nr 3: Gracz 2 wygral przedmiotem kamien
Gra nr 4: Gracz 1 wygral przedmiotem papier
Gra nr 5: Gracz 1 wygral przedmiotem kamien
Gra nr 6: Gracz 2 wygral przedmiotem nozyce
Gra nr 7: Gracz 1 wygral przedmiotem papier
Gra nr 8: Gracz 2 wygral przedmiotem papier
Gra nr 9: Gracz 1 wygral przedmiotem kamien
Gra nr 10: REMIS
Gra nr 11: Gracz 1 wygral przedmiotem kamien
Gra nr 12: REMIS
Gra nr 13: REMIS
Gra nr 14: Gracz 2 wygral przedmiotem kamien
Gra nr 15: Gracz 1 wygral przedmiotem nozyce
Gra nr 16: Gracz 1 wygral przedmiotem nozyce
Gra nr 17: Gracz 1 wygral przedmiotem kamien
Gra nr 18: REMIS
Gra nr 19: REMIS
Gra nr 20: Gracz 2 wygral przedmiotem papier
Gra nr 21: REMIS
Gra nr 22: Gracz 2 wygral przedmiotem nozyce
Gra nr 23: Gracz 1 wygral przedmiotem kamien
Gra nr 24: Gracz 1 wygral przedmiotem kamien
Gra nr 25: Gracz 1 wygral przedmiotem papier
Gra nr 26: Gracz 2 wygral przedmiotem kamien
Gra nr 27: REMIS
Gra nr 28: Gracz 1 wygral przedmiotem papier
Gra nr 29: Gracz 1 wygral przedmiotem papier
Gra nr 30: Gracz 2 wygral przedmiotem kamien
Gra nr 31: REMIS
Gra nr 32: REMIS
Gra nr 33: REMIS
Gra nr 34: REMIS
Gra nr 35: REMIS
Gra nr 36: Gracz 2 wygral przedmiotem kamien
Gra nr 37: Gracz 2 wygral przedmiotem nozyce
Gra nr 38: REMIS
Gra nr 39: Gracz 2 wygral przedmiotem nozyce
Gra nr 40: REMIS
Gra nr 41: REMIS
Gra nr 42: REMIS
Gra nr 43: Gracz 1 wygral przedmiotem nozyce
Gra nr 44: REMIS
Gra nr 45: Gracz 1 wygral przedmiotem papier
Gra nr 46: REMIS
Gra nr 47: Gracz 2 wygral przedmiotem nozyce
Gra nr 48: Gracz 1 wygral przedmiotem kamien
Gra nr 49: Gracz 2 wygral przedmiotem papier
Gra nr 50: Gracz 1 wygral przedmiotem papier
Gra nr 51: REMIS
Gra nr 52: Gracz 2 wygral przedmiotem kamien
Gra nr 53: Gracz 2 wygral przedmiotem kamien
Gra nr 54: REMIS
Gra nr 55: REMIS
Gra nr 56: Gracz 2 wygral przedmiotem kamien
Gra nr 57: Gracz 2 wygral przedmiotem kamien
Gra nr 58: REMIS
Gra nr 59: Gracz 1 wygral przedmiotem papier
Gra nr 60: Gracz 2 wygral przedmiotem papier
Gra nr 61: Gracz 1 wygral przedmiotem kamien
Gra nr 62: REMIS
Gra nr 63: Gracz 2 wygral przedmiotem kamien
Gra nr 64: Gracz 2 wygral przedmiotem kamien
Gra nr 65: Gracz 1 wygral przedmiotem kamien
Gra nr 66: REMIS
Gra nr 67: Gracz 1 wygral przedmiotem kamien
Gra nr 68: Gracz 2 wygral przedmiotem nozyce
Gra nr 69: Gracz 2 wygral przedmiotem kamien
Gra nr 70: Gracz 1 wygral przedmiotem nozyce
Gra nr 71: REMIS
Gra nr 72: Gracz 1 wygral przedmiotem kamien
Gra nr 73: Gracz 2 wygral przedmiotem nozyce
Gra nr 74: REMIS
Gra nr 75: REMIS
Gra nr 76: REMIS
Gra nr 77: Gracz 1 wygral przedmiotem papier
Gra nr 78: Gracz 1 wygral przedmiotem nozyce
Gra nr 79: Gracz 2 wygral przedmiotem kamien
Gra nr 80: Gracz 2 wygral przedmiotem nozyce
Gra nr 81: Gracz 2 wygral przedmiotem kamien
Gra nr 82: Gracz 1 wygral przedmiotem nozyce
Gra nr 83: Gracz 2 wygral przedmiotem papier
Gra nr 84: Gracz 2 wygral przedmiotem papier
Gra nr 85: REMIS
Gra nr 86: Gracz 1 wygral przedmiotem nozyce
Gra nr 87: Gracz 1 wygral przedmiotem kamien
Gra nr 88: Gracz 2 wygral przedmiotem nozyce
Gra nr 89: Gracz 2 wygral przedmiotem kamien
Gra nr 90: Gracz 1 wygral przedmiotem papier
Gra nr 91: Gracz 2 wygral przedmiotem kamien
Gra nr 92: Gracz 2 wygral przedmiotem kamien
Gra nr 93: Gracz 1 wygral przedmiotem nozyce
Gra nr 94: REMIS
Gra nr 95: Gracz 1 wygral przedmiotem nozyce
Gra nr 96: Gracz 2 wygral przedmiotem papier
Gra nr 97: Gracz 1 wygral przedmiotem papier
Gra nr 98: REMIS
Gra nr 99: Gracz 2 wygral przedmiotem papier
Gra nr 100: Gracz 1 wygral przedmiotem papier
